This is pdfeTeX, Version 3.141592-1.21a-2.2 (Web2C 7.5.4) (format=latex 2011.8.3)  5 DEC 2014 16:02
entering extended mode
**./idlimages.tex
(./idlimages.tex
LaTeX2e <2008/12/01>
Babel <v3.8d> and hyphenation patterns for american, french, german, ngerman, b
ahasa, basque, bulgarian, catalan, croatian, czech, danish, dutch, esperanto, e
stonian, finnish, greek, icelandic, irish, italian, latin, magyar, norsk, polis
h, portuges, romanian, russian, serbian, slovak, slovene, spanish, swedish, tur
kish, ukrainian, nohyphenation, loaded.

(/sw2/share/texmf-dist/tex/latex/base/article.cls
Document Class: article 2004/02/16 v1.4f Standard LaTeX document class
(/sw2/share/texmf-dist/tex/latex/base/size12.clo
File: size12.clo 2004/02/16 v1.4f Standard LaTeX file (size option)
)
\c@part=\count79
\c@section=\count80
\c@subsection=\count81
\c@subsubsection=\count82
\c@paragraph=\count83
\c@subparagraph=\count84
\c@figure=\count85
\c@table=\count86
\abovecaptionskip=\skip41
\belowcaptionskip=\skip42
\bibindent=\dimen102
) (/sw2/share/texmf-dist/tex/latex/base/ifthen.sty
Package: ifthen 2001/05/26 v1.1c Standard LaTeX ifthen package (DPC)
) (/sw2/share/texmf-dist/tex/latex/hyperref/xr-hyper.sty
Package: xr-hyper 2000/03/22 v6.00beta4 eXternal References (DPC)
) (/tmp/Healpix_3.20/doc/TeX/healpix.sty
Package: healpix 
Package: healpix macros (A.J. Banday, M. Bartelmann)
Document format
(/sw2/share/texmf-dist/tex/latex/a4wide/a4wide.sty
Package: a4wide 1994/08/30
(/sw2/share/texmf-dist/tex/latex/ntgclass/a4.sty
Package: a4 2004/04/15 v1.2g A4 based page layout
)) (/sw2/share/texmf-dist/tex/latex/graphics/graphicx.sty
Package: graphicx 1999/02/16 v1.0f Enhanced LaTeX Graphics (DPC,SPQR)
(/sw2/share/texmf-dist/tex/latex/graphics/keyval.sty
Package: keyval 1999/03/16 v1.13 key=value parser (DPC)
\KV@toks@=\toks14
) (/sw2/share/texmf-dist/tex/latex/graphics/graphics.sty
Package: graphics 2001/07/07 v1.0n Standard LaTeX Graphics (DPC,SPQR)
(/sw2/share/texmf-dist/tex/latex/graphics/trig.sty
Package: trig 1999/03/16 v1.09 sin cos tan (DPC)
) (/sw2/share/texmf-dist/tex/latex/graphics/graphics.cfg
File: graphics.cfg 2005/02/03 v1.3 graphics configuration of teTeX/TeXLive
)
Package graphics Info: Driver file: dvips.def on input line 80.
(/sw2/share/texmf-dist/tex/latex/graphics/dvips.def
File: dvips.def 1999/02/16 v3.0i Driver-dependant file (DPC,SPQR)
))
\Gin@req@height=\dimen103
\Gin@req@width=\dimen104
) (/sw2/share/texmf-dist/tex/latex/fancyhdr/fancyhdr.sty
\fancy@headwidth=\skip43
\f@ncyO@elh=\skip44
\f@ncyO@erh=\skip45
\f@ncyO@olh=\skip46
\f@ncyO@orh=\skip47
\f@ncyO@elf=\skip48
\f@ncyO@erf=\skip49
\f@ncyO@olf=\skip50
\f@ncyO@orf=\skip51
) (/tmp/Healpix_3.20/doc/TeX/hpxversion.tex) (/tmp/Healpix_3.20/doc/TeX/idlvers
ion.tex) (/tmp/Healpix_3.20/doc/TeX/gdlversion.tex)
\bigicon=\skip52
\smallicon=\skip53
\blocksize=\skip54
\c@creq=\count87
\c@savecreq=\count88
) (/sw2/share/texmf-local/tex/latex/html/html.sty (/sw2/share/texmf-dist/tex/la
tex/hyperref_bk/hyperref.sty
Package: hyperref 2003/11/30 v6.74m Hypertext links for LaTeX
\@linkdim=\dimen105
\Hy@linkcounter=\count89
\Hy@pagecounter=\count90
(/sw2/share/texmf-dist/tex/latex/hyperref_bk/pd1enc.def
File: pd1enc.def 2003/11/30 v6.74m Hyperref: PDFDocEncoding definition (HO)
) (/sw2/share/texmf-dist/tex/latex/hyperref_bk/hyperref.cfg
File: hyperref.cfg 2002/06/06 v1.2 hyperref configuration of TeXLive and teTeX
)
Package hyperref Info: Hyper figures OFF on input line 1880.
Package hyperref Info: Link nesting OFF on input line 1885.
Package hyperref Info: Hyper index ON on input line 1888.
Package hyperref Info: Plain pages ON on input line 1893.
Package hyperref Info: Backreferencing OFF on input line 1900.
Implicit mode ON; LaTeX internals redefined
Package hyperref Info: Bookmarks ON on input line 2004.
(/sw2/share/texmf-local/tex/latex/html/url.sty
Package: url 1999/03/02  ver 1.4  Verb mode for urls, email addresses, and file
 names
)
LaTeX Info: Redefining \url on input line 2143.
\Fld@menulength=\count91
\Field@Width=\dimen106
\Fld@charsize=\dimen107
\Choice@toks=\toks15
\Field@toks=\toks16
Package hyperref Info: Hyper figures OFF on input line 2618.
Package hyperref Info: Link nesting OFF on input line 2623.
Package hyperref Info: Hyper index ON on input line 2626.
Package hyperref Info: backreferencing OFF on input line 2633.
Package hyperref Info: Link coloring OFF on input line 2638.
\c@Item=\count92
\c@Hfootnote=\count93
)
*hyperref using default driver hdvips*
(/sw2/share/texmf-dist/tex/latex/hyperref_bk/hdvips.def
File: hdvips.def 2003/11/30 v6.74m Hyperref driver for dvips
(/sw2/share/texmf-dist/tex/latex/hyperref_bk/pdfmark.def
File: pdfmark.def 2003/11/30 v6.74m Hyperref definitions for pdfmark specials
\pdf@docset=\toks17
\pdf@box=\box26
\pdf@toks=\toks18
\pdf@defaulttoks=\toks19
\Fld@listcount=\count94
\@outlinefile=\write3
))
Package: html 1999/07/19 v1.38 hypertext commands for latex2html (nd, hws, rrm)

\c@lpart=\count95
\c@lchapter=\count96
\c@chapter=\count97
\c@lsection=\count98
\c@lsubsection=\count99
\c@lsubsubsection=\count100
\c@lparagraph=\count101
\c@lsubparagraph=\count102
\c@lsubsubparagraph=\count103
\ptrfile=\write4
) (/sw2/share/texmf-dist/tex/latex/base/makeidx.sty
Package: makeidx 2000/03/29 v1.0m Standard LaTeX package
)
Package hyperref Info: Option `colorlinks' set `true' on input line 20.
Package xr Info: IMPORTING LABELS FROM facilities.aux on input line 44.
Package xr Info: IMPORTING LABELS FROM alteralm.aux on input line 44.
Package xr Info: IMPORTING LABELS FROM anafast.aux on input line 44.
Package xr Info: IMPORTING LABELS FROM hotspot.aux on input line 44.
Package xr Info: IMPORTING LABELS FROM map2gif.aux on input line 44.
Package xr Info: IMPORTING LABELS FROM median_filter.aux on input line 44.
Package xr Info: IMPORTING LABELS FROM plmgen.aux on input line 44.
Package xr Info: IMPORTING LABELS FROM process_mask.aux on input line 44.
Package xr Info: IMPORTING LABELS FROM sky_ng_sim.aux on input line 44.
Package xr Info: IMPORTING LABELS FROM smoothing.aux on input line 44.
Package xr Info: IMPORTING LABELS FROM synfast.aux on input line 44.
Package xr Info: IMPORTING LABELS FROM ud_grade.aux on input line 44.
Package xr Info: IMPORTING LABELS FROM fac_appendix.aux on input line 44.
(/sw2/share/texmf-dist/tex/latex/graphics/color.sty
Package: color 1999/02/16 v1.0i Standard LaTeX Color (DPC)
(/sw2/share/texmf-dist/tex/latex/graphics/color.cfg
File: color.cfg 2005/02/03 v1.3 color configuration of teTeX/TeXLive
)
Package color Info: Driver file: dvips.def on input line 125.
(/sw2/share/texmf-dist/tex/latex/graphics/dvipsnam.def
File: dvipsnam.def 1999/02/16 v3.0i Driver-dependant file (DPC,SPQR)
)) (/sw2/share/texmf-dist/tex/latex/base/inputenc.sty
Package: inputenc 2004/02/05 v1.0d Input encoding file
(/sw2/share/texmf-dist/tex/latex/base/latin1.def
File: latin1.def 2004/02/05 v1.0d Input encoding file
))
\sizebox=\box27
\lthtmlwrite=\write5
(./idlimages.aux (/tmp/Healpix_3.20/doc/TeX/alm_i2t_idl.aux) (/tmp/Healpix_3.20
/doc/TeX/alm_t2i_idl.aux) (/tmp/Healpix_3.20/doc/TeX/alm2fits_idl.aux) (/tmp/He
alpix_3.20/doc/TeX/ang2vec_idl.aux) (/tmp/Healpix_3.20/doc/TeX/angulardistance_
idl.aux) (/tmp/Healpix_3.20/doc/TeX/azeqview_idl.aux) (/tmp/Healpix_3.20/doc/Te
X/beam2bl_idl.aux) (/tmp/Healpix_3.20/doc/TeX/bin_llcl_idl.aux) (/tmp/Healpix_3
.20/doc/TeX/bl2beam_idl.aux) (/tmp/Healpix_3.20/doc/TeX/bl2fits_idl.aux) (/tmp/
Healpix_3.20/doc/TeX/cartcursor_idl.aux) (/tmp/Healpix_3.20/doc/TeX/cartview_id
l.aux) (/tmp/Healpix_3.20/doc/TeX/change_polcconv_idl.aux) (/tmp/Healpix_3.20/d
oc/TeX/cl2fits_idl.aux) (/tmp/Healpix_3.20/doc/TeX/convert_oldhpx2cmbfast_idl.a
ux) (/tmp/Healpix_3.20/doc/TeX/euler_matrix_new_idl.aux) (/tmp/Healpix_3.20/doc
/TeX/fits2alm_idl.aux) (/tmp/Healpix_3.20/doc/TeX/fits2cl_idl.aux) (/tmp/Healpi
x_3.20/doc/TeX/gaussbeam_idl.aux) (/tmp/Healpix_3.20/doc/TeX/getdisc_ring_idl.a
ux) (/tmp/Healpix_3.20/doc/TeX/getsize_fits_idl.aux) (/tmp/Healpix_3.20/doc/TeX
/gnomcursor_idl.aux) (/tmp/Healpix_3.20/doc/TeX/gnomview_idl.aux) (/tmp/Healpix
_3.20/doc/TeX/healpix_doc_idl.aux) (/tmp/Healpix_3.20/doc/TeX/healpixwindow_idl
.aux) (/tmp/Healpix_3.20/doc/TeX/hpx2dm_idl.aux) (/tmp/Healpix_3.20/doc/TeX/hpx
2gs_idl.aux) (/tmp/Healpix_3.20/doc/TeX/ialteralm_idl.aux

LaTeX Warning: Label `eq:alteralm' multiply defined.

) (/tmp/Healpix_3.20/doc/TeX/ianafast_idl.aux) (/tmp/Healpix_3.20/doc/TeX/index
2lm_idl.aux) (/tmp/Healpix_3.20/doc/TeX/init_healpix_idl.aux) (/tmp/Healpix_3.2
0/doc/TeX/iprocess_mask_idl.aux) (/tmp/Healpix_3.20/doc/TeX/ismoothing_idl.aux)
(/tmp/Healpix_3.20/doc/TeX/isynfast_idl.aux) (/tmp/Healpix_3.20/doc/TeX/lm2inde
x_idl.aux) (/tmp/Healpix_3.20/doc/TeX/median_filter_idl.aux) (/tmp/Healpix_3.20
/doc/TeX/mollcursor_idl.aux) (/tmp/Healpix_3.20/doc/TeX/mollview_idl.aux) (/tmp
/Healpix_3.20/doc/TeX/neighbours_nest_idl.aux) (/tmp/Healpix_3.20/doc/TeX/neigh
bours_ring_idl.aux) (/tmp/Healpix_3.20/doc/TeX/npix2nside_idl.aux) (/tmp/Healpi
x_3.20/doc/TeX/nside2npix_idl.aux) (/tmp/Healpix_3.20/doc/TeX/nside2ntemplates_
idl.aux) (/tmp/Healpix_3.20/doc/TeX/orthcursor_idl.aux) (/tmp/Healpix_3.20/doc/
TeX/orthview_idl.aux) (/tmp/Healpix_3.20/doc/TeX/pix_tools_idl.aux) (/tmp/Healp
ix_3.20/doc/TeX/planck_colors_idl.aux) (/tmp/Healpix_3.20/doc/TeX/query_disc_id
l.aux) (/tmp/Healpix_3.20/doc/TeX/query_polygon_idl.aux) (/tmp/Healpix_3.20/doc
/TeX/query_strip_idl.aux) (/tmp/Healpix_3.20/doc/TeX/query_triangle_idl.aux) (/
tmp/Healpix_3.20/doc/TeX/read_fits_cut4_idl.aux) (/tmp/Healpix_3.20/doc/TeX/rea
d_fits_map_idl.aux) (/tmp/Healpix_3.20/doc/TeX/read_fits_s_idl.aux) (/tmp/Healp
ix_3.20/doc/TeX/read_tqu_idl.aux) (/tmp/Healpix_3.20/doc/TeX/remove_dipole_idl.
aux) (/tmp/Healpix_3.20/doc/TeX/reorder_idl.aux) (/tmp/Healpix_3.20/doc/TeX/rot
ate_coord_idl.aux) (/tmp/Healpix_3.20/doc/TeX/same_shape_pixels_xxx_idl.aux) (/
tmp/Healpix_3.20/doc/TeX/template_pixel_xxx_idl.aux) (/tmp/Healpix_3.20/doc/TeX
/ud_grade_idl.aux) (/tmp/Healpix_3.20/doc/TeX/vec2ang_idl.aux) (/tmp/Healpix_3.
20/doc/TeX/write_fits_cut4_idl.aux) (/tmp/Healpix_3.20/doc/TeX/write_fits_map_i
dl.aux) (/tmp/Healpix_3.20/doc/TeX/write_fits_sb_idl.aux) (/tmp/Healpix_3.20/do
c/TeX/write_tqu_idl.aux))
\openout1 = `idlimages.aux'.

LaTeX Font Info:    Checking defaults for OML/cmm/m/it on input line 425.
LaTeX Font Info:    ... okay on input line 425.
LaTeX Font Info:    Checking defaults for T1/cmr/m/n on input line 425.
LaTeX Font Info:    ... okay on input line 425.
LaTeX Font Info:    Checking defaults for OT1/cmr/m/n on input line 425.
LaTeX Font Info:    ... okay on input line 425.
LaTeX Font Info:    Checking defaults for OMS/cmsy/m/n on input line 425.
LaTeX Font Info:    ... okay on input line 425.
LaTeX Font Info:    Checking defaults for OMX/cmex/m/n on input line 425.
LaTeX Font Info:    ... okay on input line 425.
LaTeX Font Info:    Checking defaults for U/cmr/m/n on input line 425.
LaTeX Font Info:    ... okay on input line 425.
LaTeX Font Info:    Checking defaults for PD1/pdf/m/n on input line 425.
LaTeX Font Info:    ... okay on input line 425.
Package hyperref Info: Link coloring ON on input line 425.
(/sw2/share/texmf-dist/tex/latex/hyperref_bk/nameref.sty
Package: nameref 2003/12/03 v2.21 Cross-referencing by name of section
\c@section@level=\count104
)
LaTeX Info: Redefining \ref on input line 425.
LaTeX Info: Redefining \pageref on input line 425.
\openout3 = `idlimages.out'.

(/tmp/Healpix_3.20/doc/TeX/idl.aux

LaTeX Warning: Label `idl:idlxxx' multiply defined.

(/tmp/Healpix_3.20/doc/TeX/alm_i2t_idl.aux

LaTeX Warning: Label `idl:alm_i2t' multiply defined.

) (/tmp/Healpix_3.20/doc/TeX/alm_t2i_idl.aux

LaTeX Warning: Label `idl:alm_t2i' multiply defined.

) (/tmp/Healpix_3.20/doc/TeX/alm2fits_idl.aux

LaTeX Warning: Label `idl:alm2fits' multiply defined.

) (/tmp/Healpix_3.20/doc/TeX/ang2vec_idl.aux

LaTeX Warning: Label `idl:ang2vec' multiply defined.

) (/tmp/Healpix_3.20/doc/TeX/angulardistance_idl.aux

LaTeX Warning: Label `idl:angulardistance' multiply defined.

) (/tmp/Healpix_3.20/doc/TeX/azeqview_idl.aux

LaTeX Warning: Label `idl:azeqview' multiply defined.

) (/tmp/Healpix_3.20/doc/TeX/beam2bl_idl.aux

LaTeX Warning: Label `idl:beam2bl' multiply defined.

) (/tmp/Healpix_3.20/doc/TeX/bin_llcl_idl.aux

LaTeX Warning: Label `idl:bin_llcl' multiply defined.

) (/tmp/Healpix_3.20/doc/TeX/bl2beam_idl.aux

LaTeX Warning: Label `idl:bl2beam' multiply defined.

) (/tmp/Healpix_3.20/doc/TeX/bl2fits_idl.aux

LaTeX Warning: Label `idl:bl2fits' multiply defined.

) (/tmp/Healpix_3.20/doc/TeX/cartcursor_idl.aux

LaTeX Warning: Label `idl:cartcursor' multiply defined.

) (/tmp/Healpix_3.20/doc/TeX/cartview_idl.aux

LaTeX Warning: Label `idl:cartview' multiply defined.

) (/tmp/Healpix_3.20/doc/TeX/change_polcconv_idl.aux

LaTeX Warning: Label `idl:change_polcconv' multiply defined.

) (/tmp/Healpix_3.20/doc/TeX/cl2fits_idl.aux

LaTeX Warning: Label `idl:cl2fits' multiply defined.

) (/tmp/Healpix_3.20/doc/TeX/convert_oldhpx2cmbfast_idl.aux

LaTeX Warning: Label `idl:convert_oldhpx2cmbfast' multiply defined.

) (/tmp/Healpix_3.20/doc/TeX/euler_matrix_new_idl.aux

LaTeX Warning: Label `idl:euler_matrix_new' multiply defined.

) (/tmp/Healpix_3.20/doc/TeX/fits2alm_idl.aux

LaTeX Warning: Label `idl:fits2alm' multiply defined.

) (/tmp/Healpix_3.20/doc/TeX/fits2cl_idl.aux

LaTeX Warning: Label `idl:fits2cl' multiply defined.

) (/tmp/Healpix_3.20/doc/TeX/gaussbeam_idl.aux

LaTeX Warning: Label `idl:gaussbeam' multiply defined.

) (/tmp/Healpix_3.20/doc/TeX/getdisc_ring_idl.aux

LaTeX Warning: Label `idl:getdisc_ring' multiply defined.

) (/tmp/Healpix_3.20/doc/TeX/getsize_fits_idl.aux

LaTeX Warning: Label `idl:getsize_fits' multiply defined.

) (/tmp/Healpix_3.20/doc/TeX/gnomcursor_idl.aux

LaTeX Warning: Label `idl:gnomcursor' multiply defined.

) (/tmp/Healpix_3.20/doc/TeX/gnomview_idl.aux

LaTeX Warning: Label `idl:gnomview' multiply defined.

) (/tmp/Healpix_3.20/doc/TeX/healpix_doc_idl.aux

LaTeX Warning: Label `idl:healpix_doc' multiply defined.

) (/tmp/Healpix_3.20/doc/TeX/healpixwindow_idl.aux

LaTeX Warning: Label `idl:healpixwindow' multiply defined.

) (/tmp/Healpix_3.20/doc/TeX/hpx2dm_idl.aux

LaTeX Warning: Label `idl:hpx2dm' multiply defined.

) (/tmp/Healpix_3.20/doc/TeX/hpx2gs_idl.aux

LaTeX Warning: Label `idl:hpx2gs' multiply defined.

) (/tmp/Healpix_3.20/doc/TeX/ialteralm_idl.aux

LaTeX Warning: Label `idl:ialteralm' multiply defined.


LaTeX Warning: Label `eq:alteralm' multiply defined.

) (/tmp/Healpix_3.20/doc/TeX/ianafast_idl.aux

LaTeX Warning: Label `idl:ianafast' multiply defined.

) (/tmp/Healpix_3.20/doc/TeX/index2lm_idl.aux

LaTeX Warning: Label `idl:index2lm' multiply defined.

) (/tmp/Healpix_3.20/doc/TeX/init_healpix_idl.aux

LaTeX Warning: Label `idl:init_healpix' multiply defined.

) (/tmp/Healpix_3.20/doc/TeX/iprocess_mask_idl.aux

LaTeX Warning: Label `idl:iprocess_mask' multiply defined.

) (/tmp/Healpix_3.20/doc/TeX/ismoothing_idl.aux

LaTeX Warning: Label `idl:ismoothing' multiply defined.

) (/tmp/Healpix_3.20/doc/TeX/isynfast_idl.aux

LaTeX Warning: Label `idl:isynfast' multiply defined.

) (/tmp/Healpix_3.20/doc/TeX/lm2index_idl.aux

LaTeX Warning: Label `idl:lm2index' multiply defined.

) (/tmp/Healpix_3.20/doc/TeX/median_filter_idl.aux

LaTeX Warning: Label `idl:median_filter' multiply defined.

) (/tmp/Healpix_3.20/doc/TeX/mollcursor_idl.aux

LaTeX Warning: Label `idl:mollcursor' multiply defined.

) (/tmp/Healpix_3.20/doc/TeX/mollview_idl.aux

LaTeX Warning: Label `idl:mollview' multiply defined.


LaTeX Warning: Label `page:plot_visu' multiply defined.


LaTeX Warning: Label `fig:plot_visu' multiply defined.


LaTeX Warning: Label `page:plot_example_execute' multiply defined.


LaTeX Warning: Label `fig:plot_example_execute' multiply defined.


LaTeX Warning: Label `page:example_hires_cutsky' multiply defined.


LaTeX Warning: Label `page:merge_wmapKband' multiply defined.


LaTeX Warning: Label `fig:merge_wmapKband' multiply defined.


LaTeX Warning: Label `page:planck_colors_217' multiply defined.


LaTeX Warning: Label `fig:planck_colors_217' multiply defined.

) (/tmp/Healpix_3.20/doc/TeX/neighbours_nest_idl.aux

LaTeX Warning: Label `idl:neighbours_nest' multiply defined.

) (/tmp/Healpix_3.20/doc/TeX/neighbours_ring_idl.aux

LaTeX Warning: Label `idl:neighbours_ring' multiply defined.

) (/tmp/Healpix_3.20/doc/TeX/npix2nside_idl.aux

LaTeX Warning: Label `idl:npix2nside' multiply defined.

) (/tmp/Healpix_3.20/doc/TeX/nside2npix_idl.aux

LaTeX Warning: Label `idl:nside2npix' multiply defined.

) (/tmp/Healpix_3.20/doc/TeX/nside2ntemplates_idl.aux

LaTeX Warning: Label `idl:nside2ntemplates' multiply defined.

) (/tmp/Healpix_3.20/doc/TeX/orthcursor_idl.aux

LaTeX Warning: Label `idl:orthcursor' multiply defined.

) (/tmp/Healpix_3.20/doc/TeX/orthview_idl.aux

LaTeX Warning: Label `idl:orthview' multiply defined.

) (/tmp/Healpix_3.20/doc/TeX/pix_tools_idl.aux

LaTeX Warning: Label `idl:pix_tools' multiply defined.

) (/tmp/Healpix_3.20/doc/TeX/planck_colors_idl.aux

LaTeX Warning: Label `idl:planck_colors' multiply defined.


LaTeX Warning: Label `page:planck_colors1' multiply defined.


LaTeX Warning: Label `fig:planck_colors1' multiply defined.

) (/tmp/Healpix_3.20/doc/TeX/query_disc_idl.aux

LaTeX Warning: Label `idl:query_disc' multiply defined.

) (/tmp/Healpix_3.20/doc/TeX/query_polygon_idl.aux

LaTeX Warning: Label `idl:query_polygon' multiply defined.

) (/tmp/Healpix_3.20/doc/TeX/query_strip_idl.aux

LaTeX Warning: Label `idl:query_strip' multiply defined.

) (/tmp/Healpix_3.20/doc/TeX/query_triangle_idl.aux

LaTeX Warning: Label `idl:query_triangle' multiply defined.

) (/tmp/Healpix_3.20/doc/TeX/read_fits_cut4_idl.aux

LaTeX Warning: Label `idl:read_fits_cut4' multiply defined.

) (/tmp/Healpix_3.20/doc/TeX/read_fits_map_idl.aux

LaTeX Warning: Label `idl:read_fits_map' multiply defined.

) (/tmp/Healpix_3.20/doc/TeX/read_fits_s_idl.aux

LaTeX Warning: Label `idl:read_fits_s' multiply defined.

) (/tmp/Healpix_3.20/doc/TeX/read_tqu_idl.aux

LaTeX Warning: Label `idl:read_tqu' multiply defined.

) (/tmp/Healpix_3.20/doc/TeX/remove_dipole_idl.aux

LaTeX Warning: Label `idl:remove_dipole' multiply defined.

) (/tmp/Healpix_3.20/doc/TeX/reorder_idl.aux

LaTeX Warning: Label `idl:reorder' multiply defined.

) (/tmp/Healpix_3.20/doc/TeX/rotate_coord_idl.aux

LaTeX Warning: Label `idl:rotate_coord' multiply defined.

) (/tmp/Healpix_3.20/doc/TeX/same_shape_pixels_xxx_idl.aux

LaTeX Warning: Label `idl:same_shape_pixels_xxx' multiply defined.

) (/tmp/Healpix_3.20/doc/TeX/template_pixel_xxx_idl.aux

LaTeX Warning: Label `idl:template_pixel_xxx' multiply defined.

) (/tmp/Healpix_3.20/doc/TeX/ud_grade_idl.aux

LaTeX Warning: Label `idl:ud_grade' multiply defined.

) (/tmp/Healpix_3.20/doc/TeX/vec2ang_idl.aux

LaTeX Warning: Label `idl:vec2ang' multiply defined.

) (/tmp/Healpix_3.20/doc/TeX/write_fits_cut4_idl.aux

LaTeX Warning: Label `idl:write_fits_cut4' multiply defined.

) (/tmp/Healpix_3.20/doc/TeX/write_fits_map_idl.aux

LaTeX Warning: Label `idl:write_fits_map' multiply defined.

) (/tmp/Healpix_3.20/doc/TeX/write_fits_sb_idl.aux

LaTeX Warning: Label `idl:write_fits_sb' multiply defined.

) (/tmp/Healpix_3.20/doc/TeX/write_tqu_idl.aux

LaTeX Warning: Label `idl:write_tqu' multiply defined.

)) (/tmp/Healpix_3.20/doc/TeX/alm_i2t_idl.aux

LaTeX Warning: Label `idl:alm_i2t' multiply defined.

) (/tmp/Healpix_3.20/doc/TeX/alm_t2i_idl.aux

LaTeX Warning: Label `idl:alm_t2i' multiply defined.

) (/tmp/Healpix_3.20/doc/TeX/alm2fits_idl.aux

LaTeX Warning: Label `idl:alm2fits' multiply defined.

) (/tmp/Healpix_3.20/doc/TeX/ang2vec_idl.aux

LaTeX Warning: Label `idl:ang2vec' multiply defined.

) (/tmp/Healpix_3.20/doc/TeX/angulardistance_idl.aux

LaTeX Warning: Label `idl:angulardistance' multiply defined.

) (/tmp/Healpix_3.20/doc/TeX/azeqview_idl.aux

LaTeX Warning: Label `idl:azeqview' multiply defined.

) (/tmp/Healpix_3.20/doc/TeX/beam2bl_idl.aux

LaTeX Warning: Label `idl:beam2bl' multiply defined.

) (/tmp/Healpix_3.20/doc/TeX/bin_llcl_idl.aux

LaTeX Warning: Label `idl:bin_llcl' multiply defined.

) (/tmp/Healpix_3.20/doc/TeX/bl2beam_idl.aux

LaTeX Warning: Label `idl:bl2beam' multiply defined.

) (/tmp/Healpix_3.20/doc/TeX/bl2fits_idl.aux

LaTeX Warning: Label `idl:bl2fits' multiply defined.

) (/tmp/Healpix_3.20/doc/TeX/cartcursor_idl.aux

LaTeX Warning: Label `idl:cartcursor' multiply defined.

) (/tmp/Healpix_3.20/doc/TeX/cartview_idl.aux

LaTeX Warning: Label `idl:cartview' multiply defined.

) (/tmp/Healpix_3.20/doc/TeX/change_polcconv_idl.aux

LaTeX Warning: Label `idl:change_polcconv' multiply defined.

) (/tmp/Healpix_3.20/doc/TeX/cl2fits_idl.aux

LaTeX Warning: Label `idl:cl2fits' multiply defined.

) (/tmp/Healpix_3.20/doc/TeX/convert_oldhpx2cmbfast_idl.aux

LaTeX Warning: Label `idl:convert_oldhpx2cmbfast' multiply defined.

) (/tmp/Healpix_3.20/doc/TeX/euler_matrix_new_idl.aux

LaTeX Warning: Label `idl:euler_matrix_new' multiply defined.

) (/tmp/Healpix_3.20/doc/TeX/fits2alm_idl.aux

LaTeX Warning: Label `idl:fits2alm' multiply defined.

) (/tmp/Healpix_3.20/doc/TeX/fits2cl_idl.aux

LaTeX Warning: Label `idl:fits2cl' multiply defined.

) (/tmp/Healpix_3.20/doc/TeX/gaussbeam_idl.aux

LaTeX Warning: Label `idl:gaussbeam' multiply defined.

) (/tmp/Healpix_3.20/doc/TeX/getdisc_ring_idl.aux

LaTeX Warning: Label `idl:getdisc_ring' multiply defined.

) (/tmp/Healpix_3.20/doc/TeX/getsize_fits_idl.aux

LaTeX Warning: Label `idl:getsize_fits' multiply defined.

) (/tmp/Healpix_3.20/doc/TeX/gnomcursor_idl.aux

LaTeX Warning: Label `idl:gnomcursor' multiply defined.

) (/tmp/Healpix_3.20/doc/TeX/gnomview_idl.aux

LaTeX Warning: Label `idl:gnomview' multiply defined.

) (/tmp/Healpix_3.20/doc/TeX/healpix_doc_idl.aux

LaTeX Warning: Label `idl:healpix_doc' multiply defined.

) (/tmp/Healpix_3.20/doc/TeX/healpixwindow_idl.aux

LaTeX Warning: Label `idl:healpixwindow' multiply defined.

) (/tmp/Healpix_3.20/doc/TeX/hpx2dm_idl.aux

LaTeX Warning: Label `idl:hpx2dm' multiply defined.

) (/tmp/Healpix_3.20/doc/TeX/hpx2gs_idl.aux

LaTeX Warning: Label `idl:hpx2gs' multiply defined.

) (/tmp/Healpix_3.20/doc/TeX/ialteralm_idl.aux

LaTeX Warning: Label `idl:ialteralm' multiply defined.


LaTeX Warning: Label `eq:alteralm' multiply defined.

) (/tmp/Healpix_3.20/doc/TeX/ianafast_idl.aux

LaTeX Warning: Label `idl:ianafast' multiply defined.

) (/tmp/Healpix_3.20/doc/TeX/index2lm_idl.aux

LaTeX Warning: Label `idl:index2lm' multiply defined.

) (/tmp/Healpix_3.20/doc/TeX/init_healpix_idl.aux

LaTeX Warning: Label `idl:init_healpix' multiply defined.

) (/tmp/Healpix_3.20/doc/TeX/iprocess_mask_idl.aux

LaTeX Warning: Label `idl:iprocess_mask' multiply defined.

) (/tmp/Healpix_3.20/doc/TeX/ismoothing_idl.aux

LaTeX Warning: Label `idl:ismoothing' multiply defined.

) (/tmp/Healpix_3.20/doc/TeX/isynfast_idl.aux

LaTeX Warning: Label `idl:isynfast' multiply defined.

) (/tmp/Healpix_3.20/doc/TeX/lm2index_idl.aux

LaTeX Warning: Label `idl:lm2index' multiply defined.

) (/tmp/Healpix_3.20/doc/TeX/median_filter_idl.aux

LaTeX Warning: Label `idl:median_filter' multiply defined.

) (/tmp/Healpix_3.20/doc/TeX/mollcursor_idl.aux

LaTeX Warning: Label `idl:mollcursor' multiply defined.

) (/tmp/Healpix_3.20/doc/TeX/mollview_idl.aux

LaTeX Warning: Label `idl:mollview' multiply defined.


LaTeX Warning: Label `page:plot_visu' multiply defined.


LaTeX Warning: Label `fig:plot_visu' multiply defined.


LaTeX Warning: Label `page:plot_example_execute' multiply defined.


LaTeX Warning: Label `fig:plot_example_execute' multiply defined.


LaTeX Warning: Label `page:example_hires_cutsky' multiply defined.


LaTeX Warning: Label `page:merge_wmapKband' multiply defined.


LaTeX Warning: Label `fig:merge_wmapKband' multiply defined.


LaTeX Warning: Label `page:planck_colors_217' multiply defined.


LaTeX Warning: Label `fig:planck_colors_217' multiply defined.

) (/tmp/Healpix_3.20/doc/TeX/neighbours_nest_idl.aux

LaTeX Warning: Label `idl:neighbours_nest' multiply defined.

) (/tmp/Healpix_3.20/doc/TeX/neighbours_ring_idl.aux

LaTeX Warning: Label `idl:neighbours_ring' multiply defined.

) (/tmp/Healpix_3.20/doc/TeX/npix2nside_idl.aux

LaTeX Warning: Label `idl:npix2nside' multiply defined.

) (/tmp/Healpix_3.20/doc/TeX/nside2npix_idl.aux

LaTeX Warning: Label `idl:nside2npix' multiply defined.

) (/tmp/Healpix_3.20/doc/TeX/nside2ntemplates_idl.aux

LaTeX Warning: Label `idl:nside2ntemplates' multiply defined.

) (/tmp/Healpix_3.20/doc/TeX/orthcursor_idl.aux

LaTeX Warning: Label `idl:orthcursor' multiply defined.

) (/tmp/Healpix_3.20/doc/TeX/orthview_idl.aux

LaTeX Warning: Label `idl:orthview' multiply defined.

) (/tmp/Healpix_3.20/doc/TeX/pix_tools_idl.aux

LaTeX Warning: Label `idl:pix_tools' multiply defined.

) (/tmp/Healpix_3.20/doc/TeX/planck_colors_idl.aux

LaTeX Warning: Label `idl:planck_colors' multiply defined.


LaTeX Warning: Label `page:planck_colors1' multiply defined.


LaTeX Warning: Label `fig:planck_colors1' multiply defined.

) (/tmp/Healpix_3.20/doc/TeX/query_disc_idl.aux

LaTeX Warning: Label `idl:query_disc' multiply defined.

) (/tmp/Healpix_3.20/doc/TeX/query_polygon_idl.aux

LaTeX Warning: Label `idl:query_polygon' multiply defined.

) (/tmp/Healpix_3.20/doc/TeX/query_strip_idl.aux

LaTeX Warning: Label `idl:query_strip' multiply defined.

) (/tmp/Healpix_3.20/doc/TeX/query_triangle_idl.aux

LaTeX Warning: Label `idl:query_triangle' multiply defined.

) (/tmp/Healpix_3.20/doc/TeX/read_fits_cut4_idl.aux

LaTeX Warning: Label `idl:read_fits_cut4' multiply defined.

) (/tmp/Healpix_3.20/doc/TeX/read_fits_map_idl.aux

LaTeX Warning: Label `idl:read_fits_map' multiply defined.

) (/tmp/Healpix_3.20/doc/TeX/read_fits_s_idl.aux

LaTeX Warning: Label `idl:read_fits_s' multiply defined.

) (/tmp/Healpix_3.20/doc/TeX/read_tqu_idl.aux

LaTeX Warning: Label `idl:read_tqu' multiply defined.

) (/tmp/Healpix_3.20/doc/TeX/remove_dipole_idl.aux

LaTeX Warning: Label `idl:remove_dipole' multiply defined.

) (/tmp/Healpix_3.20/doc/TeX/reorder_idl.aux

LaTeX Warning: Label `idl:reorder' multiply defined.

) (/tmp/Healpix_3.20/doc/TeX/rotate_coord_idl.aux

LaTeX Warning: Label `idl:rotate_coord' multiply defined.

) (/tmp/Healpix_3.20/doc/TeX/same_shape_pixels_xxx_idl.aux

LaTeX Warning: Label `idl:same_shape_pixels_xxx' multiply defined.

) (/tmp/Healpix_3.20/doc/TeX/template_pixel_xxx_idl.aux

LaTeX Warning: Label `idl:template_pixel_xxx' multiply defined.

) (/tmp/Healpix_3.20/doc/TeX/ud_grade_idl.aux

LaTeX Warning: Label `idl:ud_grade' multiply defined.

) (/tmp/Healpix_3.20/doc/TeX/vec2ang_idl.aux

LaTeX Warning: Label `idl:vec2ang' multiply defined.

) (/tmp/Healpix_3.20/doc/TeX/write_fits_cut4_idl.aux

LaTeX Warning: Label `idl:write_fits_cut4' multiply defined.

) (/tmp/Healpix_3.20/doc/TeX/write_fits_map_idl.aux

LaTeX Warning: Label `idl:write_fits_map' multiply defined.

) (/tmp/Healpix_3.20/doc/TeX/write_fits_sb_idl.aux

LaTeX Warning: Label `idl:write_fits_sb' multiply defined.

) (/tmp/Healpix_3.20/doc/TeX/write_tqu_idl.aux

LaTeX Warning: Label `idl:write_tqu' multiply defined.

)

latex2htmlLength hsize=349.0pt

latex2htmlLength vsize=688.0pt

latex2htmlLength hoffset=0.0pt

latex2htmlLength voffset=0.0pt

latex2htmlLength topmargin=0.0pt

latex2htmlLength topskip=0.00003pt

latex2htmlLength headheight=0.0pt

latex2htmlLength headsep=0.0pt

latex2htmlLength parskip=3.875pt plus 1.03331pt minus 0.5167pt

latex2htmlLength oddsidemargin=0.0pt

latex2htmlLength evensidemargin=0.0pt

LaTeX Font Info:    External font `cmex10' loaded for size
(Font)              <12> on input line 458.
LaTeX Font Info:    External font `cmex10' loaded for size
(Font)              <8> on input line 458.
LaTeX Font Info:    External font `cmex10' loaded for size
(Font)              <6> on input line 458.
l2hSize :tex2html_wrap_inline1084:9.5pt::9.5pt::25.0602pt.
[1



]
l2hSize :tex2html_wrap_inline1102:7.75pt::0.0pt::14.37903pt.
[2


]
l2hSize :tex2html_wrap_inline1106:8.7pt::8.7pt::24.71059pt.
[3


]
l2hSize :tex2html_wrap_inline1112:9.51027pt::0.0pt::46.14282pt.
[4


]
l2hSize :tex2html_wrap_inline1801:8.83331pt::8.83331pt::62.04582pt.
[5


]
l2hSize :tex2html_wrap_inline1803:8.25pt::8.25pt::75.33731pt.
[6


]
l2hSize :tex2html_wrap_inline1811:8.25pt::8.25pt::30.87898pt.
[7


]
l2hSize :tex2html_wrap_inline1960:8.83331pt::8.83331pt::20.40717pt.
[8


]
l2hSize :tex2html_wrap_inline1964:8.25pt::8.25pt::27.18486pt.
[9


]
l2hSize :tex2html_wrap_inline1968:8.25pt::8.25pt::22.44188pt.
[10


]
l2hSize :tex2html_wrap_inline1980:8.25pt::8.25pt::42.78886pt.
[11


]
l2hSize :tex2html_wrap_inline2250:7.75pt::0.0pt::7.6833pt.
[12


]
l2hSize :tex2html_wrap_inline2252:7.75pt::0.0pt::13.55824pt.
[13


]
l2hSize :tex2html_wrap_inline2258:9.5pt::9.5pt::290.68881pt.
[14


]
l2hSize :tex2html_wrap_inline2260:9.5pt::9.5pt::27.74623pt.
[15


]
l2hSize :tex2html_wrap_inline2264:8.83331pt::8.83331pt::71.98393pt.
[16


]
l2hSize :tex2html_wrap_inline2266:8.83331pt::8.83331pt::70.16101pt.
[17


]
l2hSize :tex2html_wrap_inline2268:8.33331pt::0.0pt::45.91965pt.
[18


]
l2hSize :tex2html_wrap_inline2467:10.01027pt::10.01027pt::64.5971pt.
[19


]
l2hSize :tex2html_wrap_inline2469:10.4532pt::10.4532pt::111.65242pt.
[20


]
l2hSize :tex2html_wrap_inline2471:8.23334pt::0.0pt::10.96947pt.
[21


]
l2hSize :tex2html_wrap_inline2473:8.23334pt::0.0pt::14.71947pt.
[22


]
l2hSize :tex2html_wrap_inline2483:9.5pt::9.5pt::86.83922pt.
[23


]
l2hSize :tex2html_wrap_inline2485:9.5pt::9.5pt::87.01093pt.
[24


]
l2hSize :tex2html_wrap_inline2491:9.5pt::9.5pt::90.21738pt.
[25


]
l2hSize :tex2html_wrap_inline2493:8.7pt::8.7pt::46.39088pt.
[26


]
l2hSize :tex2html_wrap_inline2495:11.33661pt::11.33661pt::113.93018pt.
[27


]
l2hSize :tex2html_wrap_inline3154:9.5pt::9.5pt::20.5241pt.
[28


]
l2hSize :tex2html_wrap_inline3158:8.33331pt::0.0pt::6.38954pt.
[29


]
l2hSize :displaymath3062:22.61124pt::0.0pt::349.0pt.
[30


]
l2hSize :tex2html_wrap_indisplay24163:20.29762pt::20.29762pt::55.3511pt.
[31


]
l2hSize :tex2html_wrap_indisplay24164:14.61122pt::14.61122pt::122.24892pt.
[32


]
l2hSize :tex2html_wrap_inline3182:9.5pt::9.5pt::68.28137pt.
[33


]
l2hSize :tex2html_wrap_inline3298:13.35004pt::13.35004pt::115.30356pt.
[34


]
l2hSize :tex2html_wrap_inline3300:9.5pt::9.5pt::28.27751pt.
[35


]
l2hSize :tex2html_wrap_inline3304:9.5pt::9.5pt::56.4467pt.
[36


]
l2hSize :tex2html_wrap_inline3308:8.83331pt::8.83331pt::43.23996pt.
[37


]

LaTeX Warning: Command \l invalid in math mode on input line 713.


LaTeX Warning: Command \l invalid in math mode on input line 713.

l2hSize :tex2html_wrap_inline3310:9.5pt::9.5pt::56.4467pt.
[38


]
l2hSize :displaymath3431:27.72227pt::0.0pt::349.0pt.
[39


]
l2hSize :displaymath3438:30.67368pt::0.0pt::349.0pt.
[40


]
l2hSize :displaymath3442:31.40027pt::0.0pt::349.0pt.
[41


]
l2hSize :tex2html_wrap_inline3625:8.25pt::8.25pt::51.35106pt.
[42


]
l2hSize :tex2html_wrap_inline4152:7.75pt::0.0pt::12.3374pt.
[43


]
Underfull \hbox (badness 10000) in paragraph at lines 786--786

 []

l2hSize :tex2html_wrap_inline24286:111.95235pt::111.95235pt::349.58752pt.

Overfull \hbox (3.9725pt too wide) in paragraph at lines 787--788
[]|[] 
 []

[44


]
l2hSize :tex2html_wrap_inline5193:9.5pt::9.5pt::137.7746pt.
[45


]
l2hSize :tex2html_wrap_inline5211:9.5pt::9.5pt::78.6176pt.
[46


]
l2hSize :tex2html_wrap_inline5345:8.25pt::8.25pt::19.1291pt.
[47


]
l2hSize :tex2html_wrap_inline5347:8.25pt::8.25pt::19.1291pt.
[48


]
l2hSize :tex2html_wrap_inline5353:10.01027pt::10.01027pt::106.88342pt.
[49


]
l2hSize :tex2html_wrap_inline5523:10.68889pt::10.68889pt::53.6826pt.
[50


]
l2hSize :tex2html_wrap_inline5527:10.68889pt::10.68889pt::53.87717pt.
[51


]
l2hSize :tex2html_wrap_inline24397:38.16666pt::38.16666pt::349.58752pt.

Overfull \hbox (3.9725pt too wide) in paragraph at lines 860--861
[]|[] 
 []

[52


]
l2hSize :tex2html_wrap_inline6103:8.25pt::8.25pt::9.92088pt.
[53


]
l2hSize :tex2html_wrap_inline6105:8.25pt::8.25pt::7.6569pt.
[54


]
l2hSize :tex2html_wrap_inline6276:13.35004pt::13.35004pt::86.19481pt.
[55


]
l2hSize :tex2html_wrap_inline6280:10.01027pt::10.01027pt::103.18188pt.
[56


]
l2hSize :displaymath7045:30.17087pt::0.0pt::349.0pt.
[57


]
l2hSize :tex2html_wrap_inline7414:9.5pt::9.5pt::6.58754pt.
[58


]
l2hSize :tex2html_wrap_inline7771:9.5pt::9.5pt::59.17053pt.
[59


]
l2hSize :tex2html_wrap_inline8711:8.7pt::8.7pt::24.71059pt.
[60


]
l2hSize :tex2html_wrap_inline11890:10.8222pt::10.8222pt::70.68358pt.
[61


]
l2hSize :tex2html_wrap_inline11892:8.25pt::8.25pt::29.42413pt.
[62


]
l2hSize :tex2html_wrap_inline11894:8.25pt::8.25pt::31.80609pt.
[63


]
l2hSize :tex2html_wrap_inline11896:9.5pt::9.5pt::54.22943pt.
[64


]
l2hSize :tex2html_wrap_inline11898:8.25pt::8.25pt::31.80609pt.
[65


]
l2hSize :tex2html_wrap_inline11900:10.8222pt::10.8222pt::120.9886pt.
[66


]
l2hSize :tex2html_wrap_inline11902:8.25pt::8.25pt::50.3128pt.
[67


]
l2hSize :tex2html_wrap_inline11906:9.5pt::9.5pt::53.73985pt.
[68


]
l2hSize :tex2html_wrap_inline11912:10.01027pt::10.01027pt::77.78148pt.
[69


]
l2hSize :tex2html_wrap_inline11934:8.7pt::8.7pt::46.39088pt.
[70


]
l2hSize :tex2html_wrap_inline11936:7.75pt::0.0pt::9.92088pt.
[71


]
l2hSize :tex2html_wrap_inline11952:9.5pt::9.5pt::84.03415pt.
[72


]
l2hSize :tex2html_wrap_inline11954:8.25pt::8.25pt::19.1291pt.
[73


]
l2hSize :tex2html_wrap_inline11958:13.35004pt::13.35004pt::87.2489pt.
[74


]
l2hSize :tex2html_wrap_inline11960:10.01027pt::10.01027pt::96.33066pt.
[75


]
l2hSize :tex2html_wrap_inline11982:7.75pt::0.0pt::24.08728pt.
[76


]
l2hSize :tex2html_wrap_inline12583:10.01027pt::10.01027pt::73.7444pt.
[77


]
l2hSize :tex2html_wrap_inline12587:10.01027pt::10.01027pt::59.65668pt.
[78


]
l2hSize :tex2html_wrap_inline12725:10.01027pt::10.01027pt::28.12923pt.
[79


]
l2hSize :tex2html_wrap_inline12837:9.5pt::9.5pt::68.28137pt.
[80


]
l2hSize :displaymath12839:26.3495pt::0.0pt::349.0pt.
[81


]
l2hSize :tex2html_wrap_inline13567:8.7pt::8.7pt::42.60765pt.
[82


]
l2hSize :tex2html_wrap_inline13583:9.5pt::9.5pt::337.35043pt.
[83


]
l2hSize :tex2html_wrap_inline13585:9.5pt::9.5pt::346.95908pt.

Overfull \hbox (1.34406pt too wide) in paragraph at lines 1164--1165
[]|[] 
 []

[84


]
l2hSize :tex2html_wrap_inline13641:8.7pt::8.7pt::22.0661pt.
[85


]
l2hSize :tex2html_wrap_inline14228:9.5pt::9.5pt::19.43318pt.
[86


]
l2hSize :tex2html_wrap_inline14230:9.5pt::9.5pt::25.30812pt.
[87


]
l2hSize :tex2html_wrap_inline14424:11.63661pt::11.63661pt::62.79906pt.
[88


]
l2hSize :tex2html_wrap_inline14554:8.25pt::8.25pt::9.92088pt.
[89


]
l2hSize :tex2html_wrap_inline14805:8.7pt::8.7pt::22.0661pt.
[90


]
l2hSize :tex2html_wrap_inline14809:8.25pt::8.25pt::9.92088pt.
[91


]
l2hSize :tex2html_wrap_inline15070:10.01027pt::10.01027pt::79.8927pt.
[92


]
l2hSize :tex2html_wrap_indisplay25288:9.5pt::9.5pt::89.94707pt.
[93


]
l2hSize :tex2html_wrap_indisplay25289:8.25pt::8.25pt::4.50415pt.
[94


]
l2hSize :tex2html_wrap_indisplay25290:9.5pt::9.5pt::67.33133pt.
[95


]
l2hSize :tex2html_wrap_indisplay25291:9.5pt::9.5pt::65.14941pt.
[96


]
l2hSize :tex2html_wrap_indisplay25293:13.78476pt::13.78476pt::126.85109pt.
[97


]
l2hSize :tex2html_wrap_inline15521:8.83331pt::8.83331pt::7.5416pt.
[98


]
l2hSize :tex2html_wrap_inline15525:8.7pt::8.7pt::58.14076pt.
[99


]
l2hSize :tex2html_wrap_inline15661:10.68889pt::10.68889pt::61.75208pt.
[100


]
l2hSize :tex2html_wrap_indisplay25309:9.5pt::9.5pt::65.14941pt.
[101


]
l2hSize :tex2html_wrap_indisplay25311:13.78476pt::13.78476pt::126.85109pt.
[102


]
l2hSize :tex2html_wrap_inline25321:59.91666pt::59.91666pt::175.08752pt.
[103


]
l2hSize :tex2html_wrap_inline16199:8.7pt::8.7pt::52.26582pt.
[104


]
Underfull \hbox (badness 10000) in paragraph at lines 1399--1399

 []


Underfull \hbox (badness 10000) in paragraph at lines 1399--1399

 []


Underfull \hbox (badness 10000) in paragraph at lines 1399--1399

 []

l2hSize :tex2html_wrap_inline25388:146.74998pt::146.74998pt::349.58752pt.

Overfull \hbox (3.9725pt too wide) in paragraph at lines 1400--1401
[]|[] 
 []

[105


]
l2hSize :tex2html_wrap_inline16696:8.7pt::8.7pt::52.26582pt.
[106


] (./idlimages.aux)

LaTeX Warning: There were multiply-defined labels.

 ) 
Here is how much of TeX's memory you used:
 3717 strings out of 94501
 63163 string characters out of 1175975
 139567 words of memory out of 1500000
 6388 multiletter control sequences out of 10000+50000
 7820 words of font info for 28 fonts, out of 1200000 for 2000
 580 hyphenation exceptions out of 8191
 32i,6n,45p,368b,254s stack positions out of 5000i,500n,6000p,200000b,5000s

Output written on idlimages.dvi (106 pages, 76324 bytes).
