This is pdfeTeX, Version 3.141592-1.21a-2.2 (Web2C 7.5.4) (format=latex 2011.8.3)  5 DEC 2014 16:01
entering extended mode
**./introimages.tex
(./introimages.tex
LaTeX2e <2008/12/01>
Babel <v3.8d> and hyphenation patterns for american, french, german, ngerman, b
ahasa, basque, bulgarian, catalan, croatian, czech, danish, dutch, esperanto, e
stonian, finnish, greek, icelandic, irish, italian, latin, magyar, norsk, polis
h, portuges, romanian, russian, serbian, slovak, slovene, spanish, swedish, tur
kish, ukrainian, nohyphenation, loaded.

(/sw2/share/texmf-dist/tex/latex/base/article.cls
Document Class: article 2004/02/16 v1.4f Standard LaTeX document class
(/sw2/share/texmf-dist/tex/latex/base/size12.clo
File: size12.clo 2004/02/16 v1.4f Standard LaTeX file (size option)
)
\c@part=\count79
\c@section=\count80
\c@subsection=\count81
\c@subsubsection=\count82
\c@paragraph=\count83
\c@subparagraph=\count84
\c@figure=\count85
\c@table=\count86
\abovecaptionskip=\skip41
\belowcaptionskip=\skip42
\bibindent=\dimen102
) (/sw2/share/texmf-dist/tex/latex/base/ifthen.sty
Package: ifthen 2001/05/26 v1.1c Standard LaTeX ifthen package (DPC)
) (/tmp/Healpix_3.20/doc/TeX/healpix.sty
Package: healpix 
Package: healpix macros (A.J. Banday, M. Bartelmann)
Document format
(/sw2/share/texmf-dist/tex/latex/a4wide/a4wide.sty
Package: a4wide 1994/08/30
(/sw2/share/texmf-dist/tex/latex/ntgclass/a4.sty
Package: a4 2004/04/15 v1.2g A4 based page layout
)) (/sw2/share/texmf-dist/tex/latex/graphics/graphicx.sty
Package: graphicx 1999/02/16 v1.0f Enhanced LaTeX Graphics (DPC,SPQR)
(/sw2/share/texmf-dist/tex/latex/graphics/keyval.sty
Package: keyval 1999/03/16 v1.13 key=value parser (DPC)
\KV@toks@=\toks14
) (/sw2/share/texmf-dist/tex/latex/graphics/graphics.sty
Package: graphics 2001/07/07 v1.0n Standard LaTeX Graphics (DPC,SPQR)
(/sw2/share/texmf-dist/tex/latex/graphics/trig.sty
Package: trig 1999/03/16 v1.09 sin cos tan (DPC)
) (/sw2/share/texmf-dist/tex/latex/graphics/graphics.cfg
File: graphics.cfg 2005/02/03 v1.3 graphics configuration of teTeX/TeXLive
)
Package graphics Info: Driver file: dvips.def on input line 80.
(/sw2/share/texmf-dist/tex/latex/graphics/dvips.def
File: dvips.def 1999/02/16 v3.0i Driver-dependant file (DPC,SPQR)
))
\Gin@req@height=\dimen103
\Gin@req@width=\dimen104
) (/sw2/share/texmf-dist/tex/latex/fancyhdr/fancyhdr.sty
\fancy@headwidth=\skip43
\f@ncyO@elh=\skip44
\f@ncyO@erh=\skip45
\f@ncyO@olh=\skip46
\f@ncyO@orh=\skip47
\f@ncyO@elf=\skip48
\f@ncyO@erf=\skip49
\f@ncyO@olf=\skip50
\f@ncyO@orf=\skip51
) (/tmp/Healpix_3.20/doc/TeX/hpxversion.tex) (/tmp/Healpix_3.20/doc/TeX/idlvers
ion.tex) (/tmp/Healpix_3.20/doc/TeX/gdlversion.tex)
\bigicon=\skip52
\smallicon=\skip53
\blocksize=\skip54
\c@creq=\count87
\c@savecreq=\count88
) (/sw2/share/texmf-local/tex/latex/html/html.sty (/sw2/share/texmf-dist/tex/la
tex/hyperref_bk/hyperref.sty
Package: hyperref 2003/11/30 v6.74m Hypertext links for LaTeX
\@linkdim=\dimen105
\Hy@linkcounter=\count89
\Hy@pagecounter=\count90
(/sw2/share/texmf-dist/tex/latex/hyperref_bk/pd1enc.def
File: pd1enc.def 2003/11/30 v6.74m Hyperref: PDFDocEncoding definition (HO)
) (/sw2/share/texmf-dist/tex/latex/hyperref_bk/hyperref.cfg
File: hyperref.cfg 2002/06/06 v1.2 hyperref configuration of TeXLive and teTeX
)
Package hyperref Info: Hyper figures OFF on input line 1880.
Package hyperref Info: Link nesting OFF on input line 1885.
Package hyperref Info: Hyper index ON on input line 1888.
Package hyperref Info: Plain pages ON on input line 1893.
Package hyperref Info: Backreferencing OFF on input line 1900.
Implicit mode ON; LaTeX internals redefined
Package hyperref Info: Bookmarks ON on input line 2004.
(/sw2/share/texmf-local/tex/latex/html/url.sty
Package: url 1999/03/02  ver 1.4  Verb mode for urls, email addresses, and file
 names
)
LaTeX Info: Redefining \url on input line 2143.
\Fld@menulength=\count91
\Field@Width=\dimen106
\Fld@charsize=\dimen107
\Choice@toks=\toks15
\Field@toks=\toks16
Package hyperref Info: Hyper figures OFF on input line 2618.
Package hyperref Info: Link nesting OFF on input line 2623.
Package hyperref Info: Hyper index ON on input line 2626.
Package hyperref Info: backreferencing OFF on input line 2633.
Package hyperref Info: Link coloring OFF on input line 2638.
\c@Item=\count92
\c@Hfootnote=\count93
)
*hyperref using default driver hdvips*
(/sw2/share/texmf-dist/tex/latex/hyperref_bk/hdvips.def
File: hdvips.def 2003/11/30 v6.74m Hyperref driver for dvips
(/sw2/share/texmf-dist/tex/latex/hyperref_bk/pdfmark.def
File: pdfmark.def 2003/11/30 v6.74m Hyperref definitions for pdfmark specials
\pdf@docset=\toks17
\pdf@box=\box26
\pdf@toks=\toks18
\pdf@defaulttoks=\toks19
\Fld@listcount=\count94
\@outlinefile=\write3
))
Package: html 1999/07/19 v1.38 hypertext commands for latex2html (nd, hws, rrm)

\c@lpart=\count95
\c@lchapter=\count96
\c@chapter=\count97
\c@lsection=\count98
\c@lsubsection=\count99
\c@lsubsubsection=\count100
\c@lparagraph=\count101
\c@lsubparagraph=\count102
\c@lsubsubparagraph=\count103
\ptrfile=\write4
) (/sw2/share/texmf-dist/tex/latex/base/makeidx.sty
Package: makeidx 2000/03/29 v1.0m Standard LaTeX package
) (/sw2/share/texmf-dist/tex/latex/graphics/color.sty
Package: color 1999/02/16 v1.0i Standard LaTeX Color (DPC)
(/sw2/share/texmf-dist/tex/latex/graphics/color.cfg
File: color.cfg 2005/02/03 v1.3 color configuration of teTeX/TeXLive
)
Package color Info: Driver file: dvips.def on input line 125.
(/sw2/share/texmf-dist/tex/latex/graphics/dvipsnam.def
File: dvipsnam.def 1999/02/16 v3.0i Driver-dependant file (DPC,SPQR)
)) (/sw2/share/texmf-dist/tex/latex/germbib/apalike.sty
\bibhang=\skip55
)
Package hyperref Info: Option `colorlinks' set `true' on input line 15.
(/sw2/share/texmf-dist/tex/latex/base/inputenc.sty
Package: inputenc 2004/02/05 v1.0d Input encoding file
(/sw2/share/texmf-dist/tex/latex/base/latin1.def
File: latin1.def 2004/02/05 v1.0d Input encoding file
))
\sizebox=\box27
\lthtmlwrite=\write5
(./introimages.aux)
\openout1 = `introimages.aux'.

LaTeX Font Info:    Checking defaults for OML/cmm/m/it on input line 136.
LaTeX Font Info:    ... okay on input line 136.
LaTeX Font Info:    Checking defaults for T1/cmr/m/n on input line 136.
LaTeX Font Info:    ... okay on input line 136.
LaTeX Font Info:    Checking defaults for OT1/cmr/m/n on input line 136.
LaTeX Font Info:    ... okay on input line 136.
LaTeX Font Info:    Checking defaults for OMS/cmsy/m/n on input line 136.
LaTeX Font Info:    ... okay on input line 136.
LaTeX Font Info:    Checking defaults for OMX/cmex/m/n on input line 136.
LaTeX Font Info:    ... okay on input line 136.
LaTeX Font Info:    Checking defaults for U/cmr/m/n on input line 136.
LaTeX Font Info:    ... okay on input line 136.
LaTeX Font Info:    Checking defaults for PD1/pdf/m/n on input line 136.
LaTeX Font Info:    ... okay on input line 136.
Package hyperref Info: Link coloring ON on input line 136.
(/sw2/share/texmf-dist/tex/latex/hyperref_bk/nameref.sty
Package: nameref 2003/12/03 v2.21 Cross-referencing by name of section
\c@section@level=\count104
)
LaTeX Info: Redefining \ref on input line 136.
LaTeX Info: Redefining \pageref on input line 136.
\openout3 = `introimages.out'.


latex2htmlLength hsize=349.0pt

latex2htmlLength vsize=688.0pt

latex2htmlLength hoffset=0.0pt

latex2htmlLength voffset=0.0pt

latex2htmlLength topmargin=0.0pt

latex2htmlLength topskip=0.00003pt

latex2htmlLength headheight=0.0pt

latex2htmlLength headsep=0.0pt

latex2htmlLength parskip=3.875pt plus 1.03331pt minus 0.5167pt

latex2htmlLength oddsidemargin=0.0pt

latex2htmlLength evensidemargin=0.0pt

LaTeX Font Info:    External font `cmex10' loaded for size
(Font)              <12> on input line 163.
LaTeX Font Info:    External font `cmex10' loaded for size
(Font)              <8> on input line 163.
LaTeX Font Info:    External font `cmex10' loaded for size
(Font)              <6> on input line 163.
l2hSize :tex2html_wrap_inline1204:7.75pt::0.0pt::9.92088pt.
[1



]
l2hSize :tex2html_wrap_inline1208:8.0075pt::0.0pt::11.21252pt.
[2


]
l2hSize :tex2html_wrap_inline1210:8.79916pt::0.0pt::27.8096pt.
[3


]
l2hSize :tex2html_wrap_inline1212:8.7pt::8.7pt::35.12062pt.
[4


]
l2hSize :tex2html_wrap_inline1214:10.01027pt::10.01027pt::43.43452pt.
[5


]
l2hSize :tex2html_wrap_inline1230:8.83331pt::8.83331pt::81.37767pt.
[6


]
l2hSize :tex2html_wrap_inline1232:10.01027pt::10.01027pt::83.14151pt.
[7


]
l2hSize :tex2html_wrap_inline1234:10.01027pt::10.01027pt::125.79257pt.
[8


]
l2hSize :tex2html_wrap_indisplay3336:9.5pt::9.5pt::23.54662pt.
[9


]
l2hSize :tex2html_wrap_indisplay3337:8.25pt::8.25pt::9.72632pt.
[10


]
l2hSize :tex2html_wrap_indisplay3338:20.16673pt::20.16673pt::90.30476pt.
[11


]
l2hSize :tex2html_wrap_inline1250:8.25pt::8.25pt::7.33496pt.
[12


]
l2hSize :tex2html_wrap_inline1252:9.5pt::9.5pt::45.81837pt.
[13


]
l2hSize :tex2html_wrap_inline1254:9.5pt::9.5pt::54.15091pt.
[14


]
l2hSize :tex2html_wrap_inline1270:9.5pt::9.5pt::23.54662pt.
[15


]
l2hSize :tex2html_wrap_inline1272:8.7pt::8.7pt::22.0661pt.
[16


]
l2hSize :tex2html_wrap_inline1274:8.25pt::8.25pt::11.46095pt.
[17


]
l2hSize :tex2html_wrap_inline1276:9.5pt::9.5pt::80.83788pt.
[18


]
l2hSize :tex2html_wrap_indisplay3356:8.83331pt::8.83331pt::17.40608pt.
[19


]
l2hSize :tex2html_wrap_indisplay3358:21.54054pt::21.54054pt::124.4306pt.
[20


]
l2hSize :tex2html_wrap_inline1282:8.83331pt::8.83331pt::17.40608pt.
[21


]
l2hSize :tex2html_wrap_inline1284:11.86664pt::11.86664pt::12.12593pt.
[22


]
l2hSize :tex2html_wrap_indisplay3363:11.86664pt::11.86664pt::12.12593pt.
[23


]
l2hSize :tex2html_wrap_indisplay3365:16.35141pt::16.35141pt::82.91689pt.
[24


]
l2hSize :tex2html_wrap_inline1288:9.5pt::9.5pt::27.6726pt.
[25


]
l2hSize :tex2html_wrap_inline1298:11.33661pt::11.33661pt::52.3923pt.
[26


]
l2hSize :tex2html_wrap_inline1304:9.5pt::9.5pt::34.44691pt.
[27


]
l2hSize :tex2html_wrap_inline1306:9.5pt::9.5pt::23.54662pt.
[28


]
l2hSize :tex2html_wrap_inline1308:7.75pt::0.0pt::13.55824pt.
[29


]
l2hSize :tex2html_wrap_inline1324:9.5pt::9.5pt::32.96497pt.
[30


]
l2hSize :tex2html_wrap_inline1326:8.2pt::0.0pt::18.89775pt.
[31


]
l2hSize :tex2html_wrap_inline1328:8.7pt::8.7pt::18.51515pt.
[32


]
l2hSize :tex2html_wrap_indisplay3393:17.61809pt::17.61809pt::79.23474pt.
[33


]
l2hSize :tex2html_wrap_inline1342:10.32137pt::10.32137pt::125.35979pt.
[34


]
l2hSize :tex2html_wrap_inline1344:10.32137pt::10.32137pt::121.8781pt.
[35


]
l2hSize :tex2html_wrap_inline1346:8.25pt::8.25pt::31.00395pt.
[36


]
l2hSize :tex2html_wrap_inline1366:7.75pt::0.0pt::8.08752pt.
[37


]
l2hSize :tex2html_wrap_inline1368:9.5pt::9.5pt::38.10965pt.
[38


]
l2hSize :tex2html_wrap_inline1376:8.83331pt::8.83331pt::8.65688pt.
[39


]
l2hSize :tex2html_wrap_inline1378:9.29916pt::9.29916pt::126.47966pt.
[40


]
l2hSize :tex2html_wrap_inline1380:9.29916pt::9.29916pt::137.81299pt.
[41


]
l2hSize :tex2html_wrap_indisplay3425:9.89915pt::9.89915pt::12.6991pt.
[42


]
l2hSize :tex2html_wrap_indisplay3427:8.83331pt::8.83331pt::103.47891pt.
[43


]
l2hSize :tex2html_wrap_indisplay3428:9.89915pt::9.89915pt::12.62662pt.
[44


]
l2hSize :tex2html_wrap_indisplay3430:8.83331pt::8.83331pt::114.81224pt.
[45


]
l2hSize :tex2html_wrap_inline1382:8.7pt::8.7pt::37.8021pt.
[46


]
l2hSize :tex2html_wrap_inline1384:8.25pt::8.25pt::15.79582pt.
[47


]
l2hSize :tex2html_wrap_inline1386:8.7pt::8.7pt::31.39575pt.
[48


]
l2hSize :tex2html_wrap_indisplay3435:9.5pt::9.5pt::25.74498pt.
[49


]
l2hSize :tex2html_wrap_indisplay3437:13.72227pt::13.72227pt::75.97536pt.
[50


]
l2hSize :tex2html_wrap_indisplay3438:9.5pt::9.5pt::63.38512pt.
[51


]
l2hSize :tex2html_wrap_indisplay3440:13.72227pt::13.72227pt::82.65173pt.
[52


]
l2hSize :tex2html_wrap_indisplay3441:9.5pt::9.5pt::63.57968pt.
[53


]
l2hSize :tex2html_wrap_indisplay3443:13.72227pt::13.72227pt::99.138pt.
[54


]
l2hSize :tex2html_wrap_inline1392:9.5pt::9.5pt::90.89134pt.
[55


]
l2hSize :tex2html_wrap_inline1394:8.25pt::8.25pt::11.44867pt.
[56


]
l2hSize :tex2html_wrap_inline1396:8.25pt::8.25pt::12.3001pt.
[57


]
l2hSize :tex2html_wrap_inline1398:8.25pt::8.25pt::28.76735pt.
[58


]
l2hSize :tex2html_wrap_indisplay3461:9.5pt::9.5pt::65.261pt.
[59


]
l2hSize :tex2html_wrap_indisplay3463:9.5pt::9.5pt::180.34366pt.
[60


]
l2hSize :tex2html_wrap_inline1422:9.5pt::9.5pt::23.92084pt.
[61


]
l2hSize :tex2html_wrap_inline1424:8.83331pt::8.83331pt::15.4453pt.
[62


]
l2hSize :tex2html_wrap_indisplay3474:9.5pt::9.5pt::26.53233pt.
[63


]
l2hSize :tex2html_wrap_indisplay3476:13.72227pt::13.72227pt::152.7155pt.
[64


]
l2hSize :tex2html_wrap_indisplay3477:9.5pt::9.5pt::26.45985pt.
[65


]
l2hSize :tex2html_wrap_indisplay3479:13.72227pt::13.72227pt::152.91006pt.
[66


]
l2hSize :tex2html_wrap_inline1426:9.5pt::9.5pt::153.11945pt.
[67


]
l2hSize :tex2html_wrap_inline1428:9.5pt::9.5pt::153.31401pt.
[68


]
l2hSize :tex2html_wrap_inline1448:9.5pt::9.5pt::44.23975pt.
[69


]
l2hSize :tex2html_wrap_inline1450:9.5pt::9.5pt::44.23975pt.
[70


]
l2hSize :tex2html_wrap_inline1452:13.35004pt::13.35004pt::193.152pt.
[71


]
l2hSize :tex2html_wrap_inline1454:13.35004pt::13.35004pt::193.152pt.
[72


]
l2hSize :tex2html_wrap_inline1456:9.5pt::9.5pt::53.61873pt.
[73


]
l2hSize :tex2html_wrap_indisplay3497:9.5pt::9.5pt::40.39632pt.
[74


]
l2hSize :tex2html_wrap_indisplay3499:18.50014pt::18.50014pt::344.9324pt.
[75


]
l2hSize :tex2html_wrap_indisplay3500:9.5pt::9.5pt::40.39632pt.
[76


]
l2hSize :tex2html_wrap_indisplay3502:13.78476pt::13.78476pt::284.38866pt.
[77


]
l2hSize :tex2html_wrap_indisplay3504:9.5pt::9.5pt::35.58788pt.
[78


]
l2hSize :tex2html_wrap_indisplay3506:22.8893pt::22.8893pt::100.50076pt.
[79


]
l2hSize :tex2html_wrap_inline1458:9.5pt::9.5pt::62.07661pt.
[80


]
l2hSize :tex2html_wrap_inline1462:8.83331pt::8.83331pt::7.88606pt.
[81


]
l2hSize :tex2html_wrap_inline1464:8.25pt::8.25pt::12.14728pt.
[82


]
l2hSize :tex2html_wrap_inline1466:8.25pt::8.25pt::12.14728pt.
[83


]
l2hSize :tex2html_wrap_indisplay3514:12.50006pt::12.50006pt::118.6064pt.
[84


]
l2hSize :tex2html_wrap_indisplay3516:21.05592pt::21.05592pt::146.9219pt.
[85


]
l2hSize :tex2html_wrap_indisplay3518:9.5pt::9.5pt::33.19446pt.
[86


]
l2hSize :tex2html_wrap_indisplay3520:16.9514pt::16.9514pt::111.96002pt.
[87


]
l2hSize :tex2html_wrap_indisplay3521:9.5pt::9.5pt::67.70398pt.
[88


]
l2hSize :tex2html_wrap_indisplay3523:16.9514pt::16.9514pt::183.2459pt.
[89


]
l2hSize :tex2html_wrap_indisplay3524:9.5pt::9.5pt::65.05206pt.
[90


]
l2hSize :tex2html_wrap_indisplay3526:16.9514pt::16.9514pt::183.2459pt.
[91


]
l2hSize :tex2html_wrap_indisplay3527:9.5pt::9.5pt::62.34482pt.
[92


]
l2hSize :tex2html_wrap_indisplay3529:16.9514pt::16.9514pt::116.94966pt.
[93


]
l2hSize :tex2html_wrap_indisplay3530:9.5pt::9.5pt::61.01886pt.
[94


]
l2hSize :tex2html_wrap_inline1476:8.83331pt::8.83331pt::32.4276pt.
[95


]
l2hSize :tex2html_wrap_inline1478:9.5pt::9.5pt::70.00366pt.
[96


]
l2hSize :tex2html_wrap_inline1480:12.09998pt::12.09998pt::124.9692pt.
[97


]
l2hSize :tex2html_wrap_indisplay3539:9.5pt::9.5pt::26.95819pt.
[98


]
l2hSize :tex2html_wrap_indisplay3541:16.9514pt::16.9514pt::67.08542pt.
[99


]
l2hSize :tex2html_wrap_indisplay3542:9.5pt::9.5pt::70.80536pt.
[100


]
l2hSize :tex2html_wrap_indisplay3544:16.9514pt::16.9514pt::111.58887pt.
[101


]
l2hSize :tex2html_wrap_indisplay3545:9.5pt::9.5pt::70.63644pt.
[102


]
l2hSize :tex2html_wrap_indisplay3550:18.50014pt::18.50014pt::205.95425pt.
[103


]
l2hSize :tex2html_wrap_indisplay3553:18.50014pt::18.50014pt::236.50734pt.
[104


]
l2hSize :tex2html_wrap_inline1492:8.25pt::8.25pt::9.92088pt.
[105


]
l2hSize :tex2html_wrap_inline1494:8.25pt::8.25pt::9.92088pt.
[106


]
l2hSize :tex2html_wrap_inline1496:10.32137pt::10.32137pt::35.83946pt.
[107


]
l2hSize :tex2html_wrap_inline1498:8.7pt::8.7pt::20.35524pt.
[108


]
l2hSize :tex2html_wrap_inline1500:10.32137pt::10.32137pt::16.49474pt.
[109


]
l2hSize :tex2html_wrap_inline1504:10.32137pt::10.32137pt::36.13252pt.
[110


]
l2hSize :tex2html_wrap_inline1506:8.7pt::8.7pt::19.9969pt.
[111


]
l2hSize :tex2html_wrap_inline1508:10.32137pt::10.32137pt::22.89885pt.
[112


]
l2hSize :tex2html_wrap_inline1510:10.32137pt::10.32137pt::42.00746pt.
[113


]
l2hSize :tex2html_wrap_inline1512:10.32137pt::10.32137pt::34.42278pt.
[114


]
l2hSize :tex2html_wrap_inline1514:8.7pt::8.7pt::20.23302pt.
[115


]
l2hSize :tex2html_wrap_inline1516:10.32137pt::10.32137pt::22.36967pt.
[116


]
l2hSize :tex2html_wrap_inline1518:10.32137pt::10.32137pt::40.29771pt.
[117


]
l2hSize :tex2html_wrap_inline1520:14.72636pt::14.72636pt::48.8827pt.
[118


]
l2hSize :tex2html_wrap_inline1522:8.7pt::8.7pt::20.35524pt.
[119


]
l2hSize :tex2html_wrap_inline1524:11.33661pt::11.33661pt::25.79585pt.
[120


]
l2hSize :tex2html_wrap_inline1526:10.32137pt::10.32137pt::23.16289pt.
[121


]
l2hSize :tex2html_wrap_inline1528:11.33661pt::11.33661pt::64.75768pt.
[122


]
l2hSize :tex2html_wrap_indisplay3606:18.50014pt::18.50014pt::107.79793pt.
[123


]
l2hSize :tex2html_wrap_indisplay3612:26.26227pt::26.26227pt::52.4073pt.
[124


]
l2hSize :tex2html_wrap_indisplay3614:26.26227pt::26.26227pt::111.59181pt.
[125


]
l2hSize :tex2html_wrap_indisplay3617:26.26227pt::26.26227pt::46.65445pt.
[126


]
l2hSize :tex2html_wrap_indisplay3619:26.26227pt::26.26227pt::107.62128pt.
[127


]
l2hSize :tex2html_wrap_indisplay3621:26.26227pt::26.26227pt::52.4073pt.
[128


]
l2hSize :tex2html_wrap_indisplay3623:26.26227pt::26.26227pt::127.46678pt.
[129


]
l2hSize :tex2html_wrap_indisplay3650:9.5pt::9.5pt::45.2141pt.
[130


]
l2hSize :tex2html_wrap_indisplay3652:11.01025pt::11.01025pt::71.95235pt.
[131


]
l2hSize :tex2html_wrap_indisplay3654:9.5pt::9.5pt::33.90802pt.
[132


]
l2hSize :tex2html_wrap_indisplay3656:22.8893pt::22.8893pt::188.19708pt.
[133


]
l2hSize :tex2html_wrap_indisplay3657:8.83331pt::8.83331pt::18.0922pt.
[134


]
l2hSize :tex2html_wrap_indisplay3659:9.5pt::9.5pt::125.36691pt.
[135


]
l2hSize :tex2html_wrap_indisplay3662:9.5pt::9.5pt::79.28815pt.
[136


]
l2hSize :tex2html_wrap_inline1578:8.33331pt::0.0pt::46.79825pt.
[137


]
l2hSize :tex2html_wrap_indisplay3666:18.50014pt::18.50014pt::277.05522pt.
[138


]
l2hSize :tex2html_wrap_indisplay3671:16.9514pt::16.9514pt::143.56575pt.
[139


]
l2hSize :tex2html_wrap_indisplay3674:18.52835pt::18.52835pt::84.83987pt.
[140


]
l2hSize :tex2html_wrap_inline1594:8.7pt::8.7pt::21.14316pt.
[141


]
l2hSize :tex2html_wrap_indisplay3684:14.61122pt::14.61122pt::79.72144pt.
[142


]
l2hSize :tex2html_wrap_inline1598:9.5pt::9.5pt::32.89304pt.
[143


]
l2hSize :tex2html_wrap_inline1600:9.5pt::9.5pt::74.35674pt.
[144


]
l2hSize :tex2html_wrap_indisplay3690:20.16673pt::20.16673pt::91.03642pt.
[145


]
l2hSize :tex2html_wrap_indisplay3693:14.61122pt::14.61122pt::93.3803pt.
[146


]
l2hSize :tex2html_wrap_indisplay3700:24.3335pt::24.3335pt::141.86278pt.
[147


]
l2hSize :tex2html_wrap_inline1608:11.55396pt::11.55396pt::21.92537pt.
[148


]
l2hSize :tex2html_wrap_inline1610:11.55396pt::11.55396pt::31.36995pt.
[149


]
l2hSize :tex2html_wrap_indisplay3704:11.55396pt::11.55396pt::21.92537pt.
[150


]
l2hSize :tex2html_wrap_indisplay3706:11.55396pt::11.55396pt::44.84213pt.
[151


]
l2hSize :tex2html_wrap_indisplay3710:24.37387pt::24.37387pt::121.12376pt.
[152


]
l2hSize :tex2html_wrap_inline1614:8.83331pt::8.83331pt::50.34932pt.
[153


]
l2hSize :tex2html_wrap_inline1616:8.7pt::8.7pt::24.71059pt.
[154


]
l2hSize :tex2html_wrap_inline1618:8.7pt::8.7pt::58.33533pt.
[155


]
l2hSize :tex2html_wrap_inline1620:8.7pt::8.7pt::58.14076pt.
[156


]
l2hSize :tex2html_wrap_inline1624:8.7pt::8.7pt::58.14076pt.
[157


]
l2hSize :tex2html_wrap_inline1638:10.01027pt::10.01027pt::82.40634pt.
[158


]
l2hSize :tex2html_wrap_inline1640:8.83331pt::8.83331pt::50.15475pt.
[159


]
l2hSize :tex2html_wrap_inline1642:10.01027pt::10.01027pt::91.54514pt.
[160


]
l2hSize :tex2html_wrap_inline1644:8.83331pt::8.83331pt::50.15475pt.
[161


]
l2hSize :tex2html_wrap_inline1648:9.5pt::9.5pt::42.13927pt.
[162


]
l2hSize :tex2html_wrap_inline1650:10.01027pt::10.01027pt::92.01785pt.
[163


]
l2hSize :tex2html_wrap_inline1652:8.33331pt::0.0pt::6.46246pt.
[164


] (./introimages.aux) ) 
Here is how much of TeX's memory you used:
 3111 strings out of 94501
 41784 string characters out of 1175975
 99561 words of memory out of 1500000
 6262 multiletter control sequences out of 10000+50000
 7304 words of font info for 26 fonts, out of 1200000 for 2000
 580 hyphenation exceptions out of 8191
 32i,10n,45p,232b,248s stack positions out of 5000i,500n,6000p,200000b,5000s

Output written on introimages.dvi (164 pages, 116708 bytes).
